Arguments: 
  /Users/scionar/.nvm/versions/node/v12.18.1/bin/node /usr/local/Cellar/yarn/1.22.5/libexec/bin/yarn.js build

PATH: 
  /Users/scionar/.nvm/versions/node/v12.18.1/bin:/usr/local/bin:/usr/bin:/bin:/usr/sbin:/sbin

Yarn version: 
  1.22.5

Node version: 
  12.18.1

Platform: 
  darwin x64

Trace: 
  SyntaxError: /Users/scionar/Projects/norppa/packages/button/package.json: Unexpected token } in JSON at position 145
      at JSON.parse (<anonymous>)
      at /usr/local/Cellar/yarn/1.22.5/libexec/lib/cli.js:1625:59
      at Generator.next (<anonymous>)
      at step (/usr/local/Cellar/yarn/1.22.5/libexec/lib/cli.js:310:30)
      at /usr/local/Cellar/yarn/1.22.5/libexec/lib/cli.js:321:13

npm manifest: 
  {
    "name": "norppa-button",
    "version": "1.0.0",
    "main": "lib/index.js",
    "scripts": {
      "build": "tsc -d",
      "dev": "tsc --watch"
    },
  }

yarn manifest: 
  No manifest

Lockfile: 
  No lockfile
